GATLING_HOME is set to /opt/gatling
Simulation MetaSimulation started...

================================================================================
2026-06-13 13:02:04                                           5s elapsed
---- Requests ------------------------------------------------------------------
> Global                                                   (OK=43     KO=0     )
> GET /yonatan-csasznik-yoed-halberstam-niv-levin/         (OK=14     KO=0     )
> POST /yonatan-csasznik-yoed-halberstam-niv-levin/inde... (OK=10     KO=0     )
> GET /yonatan-csasznik-yoed-halberstam-niv-levin/ relo... (OK=10     KO=0     )
> POST /yonatan-csasznik-yoed-halberstam-niv-levin/inde... (OK=9      KO=0     )

---- Meta JSP HAR-derived flow -------------------------------------------------
          active: 5      / done: 9     
================================================================================


================================================================================
2026-06-13 13:02:09                                          10s elapsed
---- Requests ------------------------------------------------------------------
> Global                                                   (OK=91     KO=0     )
> GET /yonatan-csasznik-yoed-halberstam-niv-levin/         (OK=25     KO=0     )
> POST /yonatan-csasznik-yoed-halberstam-niv-levin/inde... (OK=23     KO=0     )
> GET /yonatan-csasznik-yoed-halberstam-niv-levin/ relo... (OK=23     KO=0     )
> POST /yonatan-csasznik-yoed-halberstam-niv-levin/inde... (OK=20     KO=0     )

---- Meta JSP HAR-derived flow -------------------------------------------------
          active: 5      / done: 20    
================================================================================


================================================================================
2026-06-13 13:02:14                                          15s elapsed
---- Requests ------------------------------------------------------------------
> Global                                                   (OK=135    KO=0     )
> GET /yonatan-csasznik-yoed-halberstam-niv-levin/         (OK=35     KO=0     )
> POST /yonatan-csasznik-yoed-halberstam-niv-levin/inde... (OK=35     KO=0     )
> GET /yonatan-csasznik-yoed-halberstam-niv-levin/ relo... (OK=35     KO=0     )
> POST /yonatan-csasznik-yoed-halberstam-niv-levin/inde... (OK=30     KO=0     )

---- Meta JSP HAR-derived flow -------------------------------------------------
          active: 5      / done: 30    
================================================================================


================================================================================
2026-06-13 13:02:19                                          20s elapsed
---- Requests ------------------------------------------------------------------
> Global                                                   (OK=183    KO=0     )
> GET /yonatan-csasznik-yoed-halberstam-niv-levin/         (OK=49     KO=0     )
> POST /yonatan-csasznik-yoed-halberstam-niv-levin/inde... (OK=45     KO=0     )
> GET /yonatan-csasznik-yoed-halberstam-niv-levin/ relo... (OK=45     KO=0     )
> POST /yonatan-csasznik-yoed-halberstam-niv-levin/inde... (OK=44     KO=0     )

---- Meta JSP HAR-derived flow -------------------------------------------------
          active: 5      / done: 44    
================================================================================


================================================================================
2026-06-13 13:02:24                                          25s elapsed
---- Requests ------------------------------------------------------------------
> Global                                                   (OK=231    KO=0     )
> GET /yonatan-csasznik-yoed-halberstam-niv-levin/         (OK=60     KO=0     )
> POST /yonatan-csasznik-yoed-halberstam-niv-levin/inde... (OK=58     KO=0     )
> GET /yonatan-csasznik-yoed-halberstam-niv-levin/ relo... (OK=58     KO=0     )
> POST /yonatan-csasznik-yoed-halberstam-niv-levin/inde... (OK=55     KO=0     )

---- Meta JSP HAR-derived flow -------------------------------------------------
          active: 5      / done: 55    
================================================================================


================================================================================
2026-06-13 13:02:29                                          30s elapsed
---- Requests ------------------------------------------------------------------
> Global                                                   (OK=275    KO=0     )
> GET /yonatan-csasznik-yoed-halberstam-niv-levin/         (OK=70     KO=0     )
> POST /yonatan-csasznik-yoed-halberstam-niv-levin/inde... (OK=70     KO=0     )
> GET /yonatan-csasznik-yoed-halberstam-niv-levin/ relo... (OK=70     KO=0     )
> POST /yonatan-csasznik-yoed-halberstam-niv-levin/inde... (OK=65     KO=0     )

---- Meta JSP HAR-derived flow -------------------------------------------------
          active: 5      / done: 65    
================================================================================


================================================================================
2026-06-13 13:02:34                                          35s elapsed
---- Requests ------------------------------------------------------------------
> Global                                                   (OK=325    KO=0     )
> GET /yonatan-csasznik-yoed-halberstam-niv-levin/         (OK=85     KO=0     )
> POST /yonatan-csasznik-yoed-halberstam-niv-levin/inde... (OK=80     KO=0     )
> GET /yonatan-csasznik-yoed-halberstam-niv-levin/ relo... (OK=80     KO=0     )
> POST /yonatan-csasznik-yoed-halberstam-niv-levin/inde... (OK=80     KO=0     )

---- Meta JSP HAR-derived flow -------------------------------------------------
          active: 5      / done: 80    
================================================================================


================================================================================
2026-06-13 13:02:39                                          40s elapsed
---- Requests ------------------------------------------------------------------
> Global                                                   (OK=365    KO=0     )
> GET /yonatan-csasznik-yoed-halberstam-niv-levin/         (OK=95     KO=0     )
> POST /yonatan-csasznik-yoed-halberstam-niv-levin/inde... (OK=90     KO=0     )
> GET /yonatan-csasznik-yoed-halberstam-niv-levin/ relo... (OK=90     KO=0     )
> POST /yonatan-csasznik-yoed-halberstam-niv-levin/inde... (OK=90     KO=0     )

---- Meta JSP HAR-derived flow -------------------------------------------------
          active: 5      / done: 90    
================================================================================


================================================================================
2026-06-13 13:02:44                                          45s elapsed
---- Requests ------------------------------------------------------------------
> Global                                                   (OK=415    KO=0     )
> GET /yonatan-csasznik-yoed-halberstam-niv-levin/         (OK=105    KO=0     )
> POST /yonatan-csasznik-yoed-halberstam-niv-levin/inde... (OK=105    KO=0     )
> GET /yonatan-csasznik-yoed-halberstam-niv-levin/ relo... (OK=105    KO=0     )
> POST /yonatan-csasznik-yoed-halberstam-niv-levin/inde... (OK=100    KO=0     )

---- Meta JSP HAR-derived flow -------------------------------------------------
          active: 5      / done: 100   
================================================================================


================================================================================
2026-06-13 13:02:49                                          50s elapsed
---- Requests ------------------------------------------------------------------
> Global                                                   (OK=455    KO=0     )
> GET /yonatan-csasznik-yoed-halberstam-niv-levin/         (OK=115    KO=0     )
> POST /yonatan-csasznik-yoed-halberstam-niv-levin/inde... (OK=115    KO=0     )
> GET /yonatan-csasznik-yoed-halberstam-niv-levin/ relo... (OK=115    KO=0     )
> POST /yonatan-csasznik-yoed-halberstam-niv-levin/inde... (OK=110    KO=0     )

---- Meta JSP HAR-derived flow -------------------------------------------------
          active: 5      / done: 110   
================================================================================


================================================================================
2026-06-13 13:02:54                                          55s elapsed
---- Requests ------------------------------------------------------------------
> Global                                                   (OK=505    KO=0     )
> GET /yonatan-csasznik-yoed-halberstam-niv-levin/         (OK=130    KO=0     )
> POST /yonatan-csasznik-yoed-halberstam-niv-levin/inde... (OK=125    KO=0     )
> GET /yonatan-csasznik-yoed-halberstam-niv-levin/ relo... (OK=125    KO=0     )
> POST /yonatan-csasznik-yoed-halberstam-niv-levin/inde... (OK=125    KO=0     )

---- Meta JSP HAR-derived flow -------------------------------------------------
          active: 5      / done: 125   
================================================================================


================================================================================
2026-06-13 13:02:59                                          60s elapsed
---- Requests ------------------------------------------------------------------
> Global                                                   (OK=548    KO=0     )
> GET /yonatan-csasznik-yoed-halberstam-niv-levin/         (OK=140    KO=0     )
> POST /yonatan-csasznik-yoed-halberstam-niv-levin/inde... (OK=137    KO=0     )
> GET /yonatan-csasznik-yoed-halberstam-niv-levin/ relo... (OK=136    KO=0     )
> POST /yonatan-csasznik-yoed-halberstam-niv-levin/inde... (OK=135    KO=0     )

---- Meta JSP HAR-derived flow -------------------------------------------------
          active: 5      / done: 135   
================================================================================


================================================================================
2026-06-13 13:03:04                                          65s elapsed
---- Requests ------------------------------------------------------------------
> Global                                                   (OK=595    KO=0     )
> GET /yonatan-csasznik-yoed-halberstam-niv-levin/         (OK=150    KO=0     )
> POST /yonatan-csasznik-yoed-halberstam-niv-levin/inde... (OK=150    KO=0     )
> GET /yonatan-csasznik-yoed-halberstam-niv-levin/ relo... (OK=150    KO=0     )
> POST /yonatan-csasznik-yoed-halberstam-niv-levin/inde... (OK=145    KO=0     )

---- Meta JSP HAR-derived flow -------------------------------------------------
          active: 5      / done: 145   
================================================================================


================================================================================
2026-06-13 13:03:09                                          70s elapsed
---- Requests ------------------------------------------------------------------
> Global                                                   (OK=645    KO=0     )
> GET /yonatan-csasznik-yoed-halberstam-niv-levin/         (OK=165    KO=0     )
> POST /yonatan-csasznik-yoed-halberstam-niv-levin/inde... (OK=160    KO=0     )
> GET /yonatan-csasznik-yoed-halberstam-niv-levin/ relo... (OK=160    KO=0     )
> POST /yonatan-csasznik-yoed-halberstam-niv-levin/inde... (OK=160    KO=0     )

---- Meta JSP HAR-derived flow -------------------------------------------------
          active: 5      / done: 160   
================================================================================


================================================================================
2026-06-13 13:03:14                                          75s elapsed
---- Requests ------------------------------------------------------------------
> Global                                                   (OK=695    KO=0     )
> GET /yonatan-csasznik-yoed-halberstam-niv-levin/         (OK=175    KO=0     )
> POST /yonatan-csasznik-yoed-halberstam-niv-levin/inde... (OK=175    KO=0     )
> GET /yonatan-csasznik-yoed-halberstam-niv-levin/ relo... (OK=175    KO=0     )
> POST /yonatan-csasznik-yoed-halberstam-niv-levin/inde... (OK=170    KO=0     )

---- Meta JSP HAR-derived flow -------------------------------------------------
          active: 5      / done: 170   
================================================================================


================================================================================
2026-06-13 13:03:19                                          80s elapsed
---- Requests ------------------------------------------------------------------
> Global                                                   (OK=735    KO=0     )
> GET /yonatan-csasznik-yoed-halberstam-niv-levin/         (OK=185    KO=0     )
> POST /yonatan-csasznik-yoed-halberstam-niv-levin/inde... (OK=185    KO=0     )
> GET /yonatan-csasznik-yoed-halberstam-niv-levin/ relo... (OK=185    KO=0     )
> POST /yonatan-csasznik-yoed-halberstam-niv-levin/inde... (OK=180    KO=0     )

---- Meta JSP HAR-derived flow -------------------------------------------------
          active: 5      / done: 180   
================================================================================


================================================================================
2026-06-13 13:03:24                                          85s elapsed
---- Requests ------------------------------------------------------------------
> Global                                                   (OK=785    KO=0     )
> GET /yonatan-csasznik-yoed-halberstam-niv-levin/         (OK=200    KO=0     )
> POST /yonatan-csasznik-yoed-halberstam-niv-levin/inde... (OK=195    KO=0     )
> GET /yonatan-csasznik-yoed-halberstam-niv-levin/ relo... (OK=195    KO=0     )
> POST /yonatan-csasznik-yoed-halberstam-niv-levin/inde... (OK=195    KO=0     )

---- Meta JSP HAR-derived flow -------------------------------------------------
          active: 5      / done: 195   
================================================================================


================================================================================
2026-06-13 13:03:29                                          90s elapsed
---- Requests ------------------------------------------------------------------
> Global                                                   (OK=825    KO=0     )
> GET /yonatan-csasznik-yoed-halberstam-niv-levin/         (OK=210    KO=0     )
> POST /yonatan-csasznik-yoed-halberstam-niv-levin/inde... (OK=205    KO=0     )
> GET /yonatan-csasznik-yoed-halberstam-niv-levin/ relo... (OK=205    KO=0     )
> POST /yonatan-csasznik-yoed-halberstam-niv-levin/inde... (OK=205    KO=0     )

---- Meta JSP HAR-derived flow -------------------------------------------------
          active: 5      / done: 205   
================================================================================


================================================================================
2026-06-13 13:03:34                                          95s elapsed
---- Requests ------------------------------------------------------------------
> Global                                                   (OK=875    KO=0     )
> GET /yonatan-csasznik-yoed-halberstam-niv-levin/         (OK=220    KO=0     )
> POST /yonatan-csasznik-yoed-halberstam-niv-levin/inde... (OK=220    KO=0     )
> GET /yonatan-csasznik-yoed-halberstam-niv-levin/ relo... (OK=220    KO=0     )
> POST /yonatan-csasznik-yoed-halberstam-niv-levin/inde... (OK=215    KO=0     )

---- Meta JSP HAR-derived flow -------------------------------------------------
          active: 5      / done: 215   
================================================================================


================================================================================
2026-06-13 13:03:39                                         100s elapsed
---- Requests ------------------------------------------------------------------
> Global                                                   (OK=925    KO=0     )
> GET /yonatan-csasznik-yoed-halberstam-niv-levin/         (OK=235    KO=0     )
> POST /yonatan-csasznik-yoed-halberstam-niv-levin/inde... (OK=230    KO=0     )
> GET /yonatan-csasznik-yoed-halberstam-niv-levin/ relo... (OK=230    KO=0     )
> POST /yonatan-csasznik-yoed-halberstam-niv-levin/inde... (OK=230    KO=0     )

---- Meta JSP HAR-derived flow -------------------------------------------------
          active: 5      / done: 230   
================================================================================


================================================================================
2026-06-13 13:03:44                                         105s elapsed
---- Requests ------------------------------------------------------------------
> Global                                                   (OK=965    KO=0     )
> GET /yonatan-csasznik-yoed-halberstam-niv-levin/         (OK=245    KO=0     )
> POST /yonatan-csasznik-yoed-halberstam-niv-levin/inde... (OK=240    KO=0     )
> GET /yonatan-csasznik-yoed-halberstam-niv-levin/ relo... (OK=240    KO=0     )
> POST /yonatan-csasznik-yoed-halberstam-niv-levin/inde... (OK=240    KO=0     )

---- Meta JSP HAR-derived flow -------------------------------------------------
          active: 5      / done: 240   
================================================================================


================================================================================
2026-06-13 13:03:49                                         110s elapsed
---- Requests ------------------------------------------------------------------
> Global                                                   (OK=1015   KO=0     )
> GET /yonatan-csasznik-yoed-halberstam-niv-levin/         (OK=255    KO=0     )
> POST /yonatan-csasznik-yoed-halberstam-niv-levin/inde... (OK=255    KO=0     )
> GET /yonatan-csasznik-yoed-halberstam-niv-levin/ relo... (OK=255    KO=0     )
> POST /yonatan-csasznik-yoed-halberstam-niv-levin/inde... (OK=250    KO=0     )

---- Meta JSP HAR-derived flow -------------------------------------------------
          active: 5      / done: 250   
================================================================================


================================================================================
2026-06-13 13:03:54                                         115s elapsed
---- Requests ------------------------------------------------------------------
> Global                                                   (OK=1055   KO=0     )
> GET /yonatan-csasznik-yoed-halberstam-niv-levin/         (OK=265    KO=0     )
> POST /yonatan-csasznik-yoed-halberstam-niv-levin/inde... (OK=265    KO=0     )
> GET /yonatan-csasznik-yoed-halberstam-niv-levin/ relo... (OK=265    KO=0     )
> POST /yonatan-csasznik-yoed-halberstam-niv-levin/inde... (OK=260    KO=0     )

---- Meta JSP HAR-derived flow -------------------------------------------------
          active: 5      / done: 260   
================================================================================


================================================================================
2026-06-13 13:03:59                                         120s elapsed
---- Requests ------------------------------------------------------------------
> Global                                                   (OK=1105   KO=0     )
> GET /yonatan-csasznik-yoed-halberstam-niv-levin/         (OK=280    KO=0     )
> POST /yonatan-csasznik-yoed-halberstam-niv-levin/inde... (OK=275    KO=0     )
> GET /yonatan-csasznik-yoed-halberstam-niv-levin/ relo... (OK=275    KO=0     )
> POST /yonatan-csasznik-yoed-halberstam-niv-levin/inde... (OK=275    KO=0     )

---- Meta JSP HAR-derived flow -------------------------------------------------
          active: 5      / done: 275   
================================================================================


================================================================================
2026-06-13 13:04:04                                         125s elapsed
---- Requests ------------------------------------------------------------------
> Global                                                   (OK=1155   KO=0     )
> GET /yonatan-csasznik-yoed-halberstam-niv-levin/         (OK=290    KO=0     )
> POST /yonatan-csasznik-yoed-halberstam-niv-levin/inde... (OK=290    KO=0     )
> GET /yonatan-csasznik-yoed-halberstam-niv-levin/ relo... (OK=290    KO=0     )
> POST /yonatan-csasznik-yoed-halberstam-niv-levin/inde... (OK=285    KO=0     )

---- Meta JSP HAR-derived flow -------------------------------------------------
          active: 5      / done: 285   
================================================================================


================================================================================
2026-06-13 13:04:09                                         130s elapsed
---- Requests ------------------------------------------------------------------
> Global                                                   (OK=1201   KO=0     )
> GET /yonatan-csasznik-yoed-halberstam-niv-levin/         (OK=301    KO=0     )
> POST /yonatan-csasznik-yoed-halberstam-niv-levin/inde... (OK=300    KO=0     )
> GET /yonatan-csasznik-yoed-halberstam-niv-levin/ relo... (OK=300    KO=0     )
> POST /yonatan-csasznik-yoed-halberstam-niv-levin/inde... (OK=300    KO=0     )

---- Meta JSP HAR-derived flow -------------------------------------------------
          active: 1      / done: 300   
================================================================================


================================================================================
2026-06-13 13:04:14                                         135s elapsed
---- Requests ------------------------------------------------------------------
> Global                                                   (OK=1245   KO=0     )
> GET /yonatan-csasznik-yoed-halberstam-niv-levin/         (OK=315    KO=0     )
> POST /yonatan-csasznik-yoed-halberstam-niv-levin/inde... (OK=310    KO=0     )
> GET /yonatan-csasznik-yoed-halberstam-niv-levin/ relo... (OK=310    KO=0     )
> POST /yonatan-csasznik-yoed-halberstam-niv-levin/inde... (OK=310    KO=0     )

---- Meta JSP HAR-derived flow -------------------------------------------------
          active: 5      / done: 310   
================================================================================


================================================================================
2026-06-13 13:04:19                                         140s elapsed
---- Requests ------------------------------------------------------------------
> Global                                                   (OK=1295   KO=0     )
> GET /yonatan-csasznik-yoed-halberstam-niv-levin/         (OK=325    KO=0     )
> POST /yonatan-csasznik-yoed-halberstam-niv-levin/inde... (OK=325    KO=0     )
> GET /yonatan-csasznik-yoed-halberstam-niv-levin/ relo... (OK=325    KO=0     )
> POST /yonatan-csasznik-yoed-halberstam-niv-levin/inde... (OK=320    KO=0     )

---- Meta JSP HAR-derived flow -------------------------------------------------
          active: 5      / done: 320   
================================================================================


================================================================================
2026-06-13 13:04:24                                         145s elapsed
---- Requests ------------------------------------------------------------------
> Global                                                   (OK=1335   KO=0     )
> GET /yonatan-csasznik-yoed-halberstam-niv-levin/         (OK=335    KO=0     )
> POST /yonatan-csasznik-yoed-halberstam-niv-levin/inde... (OK=335    KO=0     )
> GET /yonatan-csasznik-yoed-halberstam-niv-levin/ relo... (OK=335    KO=0     )
> POST /yonatan-csasznik-yoed-halberstam-niv-levin/inde... (OK=330    KO=0     )

---- Meta JSP HAR-derived flow -------------------------------------------------
          active: 5      / done: 330   
================================================================================


================================================================================
2026-06-13 13:04:29                                         150s elapsed
---- Requests ------------------------------------------------------------------
> Global                                                   (OK=1385   KO=0     )
> GET /yonatan-csasznik-yoed-halberstam-niv-levin/         (OK=350    KO=0     )
> POST /yonatan-csasznik-yoed-halberstam-niv-levin/inde... (OK=345    KO=0     )
> GET /yonatan-csasznik-yoed-halberstam-niv-levin/ relo... (OK=345    KO=0     )
> POST /yonatan-csasznik-yoed-halberstam-niv-levin/inde... (OK=345    KO=0     )

---- Meta JSP HAR-derived flow -------------------------------------------------
          active: 5      / done: 345   
================================================================================


================================================================================
2026-06-13 13:04:34                                         155s elapsed
---- Requests ------------------------------------------------------------------
> Global                                                   (OK=1435   KO=0     )
> GET /yonatan-csasznik-yoed-halberstam-niv-levin/         (OK=360    KO=0     )
> POST /yonatan-csasznik-yoed-halberstam-niv-levin/inde... (OK=360    KO=0     )
> GET /yonatan-csasznik-yoed-halberstam-niv-levin/ relo... (OK=360    KO=0     )
> POST /yonatan-csasznik-yoed-halberstam-niv-levin/inde... (OK=355    KO=0     )

---- Meta JSP HAR-derived flow -------------------------------------------------
          active: 5      / done: 355   
================================================================================


================================================================================
2026-06-13 13:04:39                                         160s elapsed
---- Requests ------------------------------------------------------------------
> Global                                                   (OK=1475   KO=0     )
> GET /yonatan-csasznik-yoed-halberstam-niv-levin/         (OK=370    KO=0     )
> POST /yonatan-csasznik-yoed-halberstam-niv-levin/inde... (OK=370    KO=0     )
> GET /yonatan-csasznik-yoed-halberstam-niv-levin/ relo... (OK=370    KO=0     )
> POST /yonatan-csasznik-yoed-halberstam-niv-levin/inde... (OK=365    KO=0     )

---- Meta JSP HAR-derived flow -------------------------------------------------
          active: 5      / done: 365   
================================================================================


================================================================================
2026-06-13 13:04:44                                         165s elapsed
---- Requests ------------------------------------------------------------------
> Global                                                   (OK=1525   KO=0     )
> GET /yonatan-csasznik-yoed-halberstam-niv-levin/         (OK=385    KO=0     )
> POST /yonatan-csasznik-yoed-halberstam-niv-levin/inde... (OK=380    KO=0     )
> GET /yonatan-csasznik-yoed-halberstam-niv-levin/ relo... (OK=380    KO=0     )
> POST /yonatan-csasznik-yoed-halberstam-niv-levin/inde... (OK=380    KO=0     )

---- Meta JSP HAR-derived flow -------------------------------------------------
          active: 5      / done: 380   
================================================================================


================================================================================
2026-06-13 13:04:49                                         170s elapsed
---- Requests ------------------------------------------------------------------
> Global                                                   (OK=1565   KO=0     )
> GET /yonatan-csasznik-yoed-halberstam-niv-levin/         (OK=395    KO=0     )
> POST /yonatan-csasznik-yoed-halberstam-niv-levin/inde... (OK=390    KO=0     )
> GET /yonatan-csasznik-yoed-halberstam-niv-levin/ relo... (OK=390    KO=0     )
> POST /yonatan-csasznik-yoed-halberstam-niv-levin/inde... (OK=390    KO=0     )

---- Meta JSP HAR-derived flow -------------------------------------------------
          active: 5      / done: 390   
================================================================================


================================================================================
2026-06-13 13:04:54                                         175s elapsed
---- Requests ------------------------------------------------------------------
> Global                                                   (OK=1615   KO=0     )
> GET /yonatan-csasznik-yoed-halberstam-niv-levin/         (OK=405    KO=0     )
> POST /yonatan-csasznik-yoed-halberstam-niv-levin/inde... (OK=405    KO=0     )
> GET /yonatan-csasznik-yoed-halberstam-niv-levin/ relo... (OK=405    KO=0     )
> POST /yonatan-csasznik-yoed-halberstam-niv-levin/inde... (OK=400    KO=0     )

---- Meta JSP HAR-derived flow -------------------------------------------------
          active: 5      / done: 400   
================================================================================


================================================================================
2026-06-13 13:04:59                                         180s elapsed
---- Requests ------------------------------------------------------------------
> Global                                                   (OK=1665   KO=0     )
> GET /yonatan-csasznik-yoed-halberstam-niv-levin/         (OK=420    KO=0     )
> POST /yonatan-csasznik-yoed-halberstam-niv-levin/inde... (OK=415    KO=0     )
> GET /yonatan-csasznik-yoed-halberstam-niv-levin/ relo... (OK=415    KO=0     )
> POST /yonatan-csasznik-yoed-halberstam-niv-levin/inde... (OK=415    KO=0     )

---- Meta JSP HAR-derived flow -------------------------------------------------
          active: 5      / done: 415   
================================================================================


================================================================================
2026-06-13 13:05:04                                         185s elapsed
---- Requests ------------------------------------------------------------------
> Global                                                   (OK=1705   KO=0     )
> GET /yonatan-csasznik-yoed-halberstam-niv-levin/         (OK=430    KO=0     )
> POST /yonatan-csasznik-yoed-halberstam-niv-levin/inde... (OK=425    KO=0     )
> GET /yonatan-csasznik-yoed-halberstam-niv-levin/ relo... (OK=425    KO=0     )
> POST /yonatan-csasznik-yoed-halberstam-niv-levin/inde... (OK=425    KO=0     )

---- Meta JSP HAR-derived flow -------------------------------------------------
          active: 5      / done: 425   
================================================================================


================================================================================
2026-06-13 13:05:09                                         190s elapsed
---- Requests ------------------------------------------------------------------
> Global                                                   (OK=1755   KO=0     )
> GET /yonatan-csasznik-yoed-halberstam-niv-levin/         (OK=440    KO=0     )
> POST /yonatan-csasznik-yoed-halberstam-niv-levin/inde... (OK=440    KO=0     )
> GET /yonatan-csasznik-yoed-halberstam-niv-levin/ relo... (OK=440    KO=0     )
> POST /yonatan-csasznik-yoed-halberstam-niv-levin/inde... (OK=435    KO=0     )

---- Meta JSP HAR-derived flow -------------------------------------------------
          active: 5      / done: 435   
================================================================================


================================================================================
2026-06-13 13:05:14                                         195s elapsed
---- Requests ------------------------------------------------------------------
> Global                                                   (OK=1805   KO=0     )
> GET /yonatan-csasznik-yoed-halberstam-niv-levin/         (OK=455    KO=0     )
> POST /yonatan-csasznik-yoed-halberstam-niv-levin/inde... (OK=450    KO=0     )
> GET /yonatan-csasznik-yoed-halberstam-niv-levin/ relo... (OK=450    KO=0     )
> POST /yonatan-csasznik-yoed-halberstam-niv-levin/inde... (OK=450    KO=0     )

---- Meta JSP HAR-derived flow -------------------------------------------------
          active: 5      / done: 450   
================================================================================


================================================================================
2026-06-13 13:05:19                                         200s elapsed
---- Requests ------------------------------------------------------------------
> Global                                                   (OK=1845   KO=0     )
> GET /yonatan-csasznik-yoed-halberstam-niv-levin/         (OK=465    KO=0     )
> POST /yonatan-csasznik-yoed-halberstam-niv-levin/inde... (OK=460    KO=0     )
> GET /yonatan-csasznik-yoed-halberstam-niv-levin/ relo... (OK=460    KO=0     )
> POST /yonatan-csasznik-yoed-halberstam-niv-levin/inde... (OK=460    KO=0     )

---- Meta JSP HAR-derived flow -------------------------------------------------
          active: 5      / done: 460   
================================================================================


================================================================================
2026-06-13 13:05:24                                         205s elapsed
---- Requests ------------------------------------------------------------------
> Global                                                   (OK=1895   KO=0     )
> GET /yonatan-csasznik-yoed-halberstam-niv-levin/         (OK=475    KO=0     )
> POST /yonatan-csasznik-yoed-halberstam-niv-levin/inde... (OK=475    KO=0     )
> GET /yonatan-csasznik-yoed-halberstam-niv-levin/ relo... (OK=475    KO=0     )
> POST /yonatan-csasznik-yoed-halberstam-niv-levin/inde... (OK=470    KO=0     )

---- Meta JSP HAR-derived flow -------------------------------------------------
          active: 5      / done: 470   
================================================================================


================================================================================
2026-06-13 13:05:29                                         210s elapsed
---- Requests ------------------------------------------------------------------
> Global                                                   (OK=1945   KO=0     )
> GET /yonatan-csasznik-yoed-halberstam-niv-levin/         (OK=490    KO=0     )
> POST /yonatan-csasznik-yoed-halberstam-niv-levin/inde... (OK=485    KO=0     )
> GET /yonatan-csasznik-yoed-halberstam-niv-levin/ relo... (OK=485    KO=0     )
> POST /yonatan-csasznik-yoed-halberstam-niv-levin/inde... (OK=485    KO=0     )

---- Meta JSP HAR-derived flow -------------------------------------------------
          active: 5      / done: 485   
================================================================================


================================================================================
2026-06-13 13:05:34                                         215s elapsed
---- Requests ------------------------------------------------------------------
> Global                                                   (OK=1985   KO=0     )
> GET /yonatan-csasznik-yoed-halberstam-niv-levin/         (OK=500    KO=0     )
> POST /yonatan-csasznik-yoed-halberstam-niv-levin/inde... (OK=495    KO=0     )
> GET /yonatan-csasznik-yoed-halberstam-niv-levin/ relo... (OK=495    KO=0     )
> POST /yonatan-csasznik-yoed-halberstam-niv-levin/inde... (OK=495    KO=0     )

---- Meta JSP HAR-derived flow -------------------------------------------------
          active: 5      / done: 495   
================================================================================


================================================================================
2026-06-13 13:05:39                                         220s elapsed
---- Requests ------------------------------------------------------------------
> Global                                                   (OK=2035   KO=0     )
> GET /yonatan-csasznik-yoed-halberstam-niv-levin/         (OK=510    KO=0     )
> POST /yonatan-csasznik-yoed-halberstam-niv-levin/inde... (OK=510    KO=0     )
> GET /yonatan-csasznik-yoed-halberstam-niv-levin/ relo... (OK=510    KO=0     )
> POST /yonatan-csasznik-yoed-halberstam-niv-levin/inde... (OK=505    KO=0     )

---- Meta JSP HAR-derived flow -------------------------------------------------
          active: 5      / done: 505   
================================================================================


================================================================================
2026-06-13 13:05:44                                         225s elapsed
---- Requests ------------------------------------------------------------------
> Global                                                   (OK=2085   KO=0     )
> GET /yonatan-csasznik-yoed-halberstam-niv-levin/         (OK=525    KO=0     )
> POST /yonatan-csasznik-yoed-halberstam-niv-levin/inde... (OK=520    KO=0     )
> GET /yonatan-csasznik-yoed-halberstam-niv-levin/ relo... (OK=520    KO=0     )
> POST /yonatan-csasznik-yoed-halberstam-niv-levin/inde... (OK=520    KO=0     )

---- Meta JSP HAR-derived flow -------------------------------------------------
          active: 5      / done: 520   
================================================================================


================================================================================
2026-06-13 13:05:49                                         230s elapsed
---- Requests ------------------------------------------------------------------
> Global                                                   (OK=2125   KO=0     )
> GET /yonatan-csasznik-yoed-halberstam-niv-levin/         (OK=535    KO=0     )
> POST /yonatan-csasznik-yoed-halberstam-niv-levin/inde... (OK=530    KO=0     )
> GET /yonatan-csasznik-yoed-halberstam-niv-levin/ relo... (OK=530    KO=0     )
> POST /yonatan-csasznik-yoed-halberstam-niv-levin/inde... (OK=530    KO=0     )

---- Meta JSP HAR-derived flow -------------------------------------------------
          active: 5      / done: 530   
================================================================================


================================================================================
2026-06-13 13:05:54                                         235s elapsed
---- Requests ------------------------------------------------------------------
> Global                                                   (OK=2175   KO=0     )
> GET /yonatan-csasznik-yoed-halberstam-niv-levin/         (OK=545    KO=0     )
> POST /yonatan-csasznik-yoed-halberstam-niv-levin/inde... (OK=545    KO=0     )
> GET /yonatan-csasznik-yoed-halberstam-niv-levin/ relo... (OK=545    KO=0     )
> POST /yonatan-csasznik-yoed-halberstam-niv-levin/inde... (OK=540    KO=0     )

---- Meta JSP HAR-derived flow -------------------------------------------------
          active: 5      / done: 540   
================================================================================


================================================================================
2026-06-13 13:05:59                                         240s elapsed
---- Requests ------------------------------------------------------------------
> Global                                                   (OK=2215   KO=0     )
> GET /yonatan-csasznik-yoed-halberstam-niv-levin/         (OK=555    KO=0     )
> POST /yonatan-csasznik-yoed-halberstam-niv-levin/inde... (OK=555    KO=0     )
> GET /yonatan-csasznik-yoed-halberstam-niv-levin/ relo... (OK=555    KO=0     )
> POST /yonatan-csasznik-yoed-halberstam-niv-levin/inde... (OK=550    KO=0     )

---- Meta JSP HAR-derived flow -------------------------------------------------
          active: 5      / done: 550   
================================================================================


================================================================================
2026-06-13 13:06:04                                         245s elapsed
---- Requests ------------------------------------------------------------------
> Global                                                   (OK=2260   KO=0     )
> GET /yonatan-csasznik-yoed-halberstam-niv-levin/         (OK=565    KO=0     )
> POST /yonatan-csasznik-yoed-halberstam-niv-levin/inde... (OK=565    KO=0     )
> GET /yonatan-csasznik-yoed-halberstam-niv-levin/ relo... (OK=565    KO=0     )
> POST /yonatan-csasznik-yoed-halberstam-niv-levin/inde... (OK=565    KO=0     )

---- Meta JSP HAR-derived flow -------------------------------------------------
          active: 5      / done: 565   
================================================================================


================================================================================
2026-06-13 13:06:09                                         250s elapsed
---- Requests ------------------------------------------------------------------
> Global                                                   (OK=2305   KO=0     )
> GET /yonatan-csasznik-yoed-halberstam-niv-levin/         (OK=580    KO=0     )
> POST /yonatan-csasznik-yoed-halberstam-niv-levin/inde... (OK=575    KO=0     )
> GET /yonatan-csasznik-yoed-halberstam-niv-levin/ relo... (OK=575    KO=0     )
> POST /yonatan-csasznik-yoed-halberstam-niv-levin/inde... (OK=575    KO=0     )

---- Meta JSP HAR-derived flow -------------------------------------------------
          active: 5      / done: 575   
================================================================================


================================================================================
2026-06-13 13:06:14                                         255s elapsed
---- Requests ------------------------------------------------------------------
> Global                                                   (OK=2355   KO=0     )
> GET /yonatan-csasznik-yoed-halberstam-niv-levin/         (OK=590    KO=0     )
> POST /yonatan-csasznik-yoed-halberstam-niv-levin/inde... (OK=590    KO=0     )
> GET /yonatan-csasznik-yoed-halberstam-niv-levin/ relo... (OK=590    KO=0     )
> POST /yonatan-csasznik-yoed-halberstam-niv-levin/inde... (OK=585    KO=0     )

---- Meta JSP HAR-derived flow -------------------------------------------------
          active: 5      / done: 585   
================================================================================


================================================================================
2026-06-13 13:06:19                                         260s elapsed
---- Requests ------------------------------------------------------------------
> Global                                                   (OK=2395   KO=0     )
> GET /yonatan-csasznik-yoed-halberstam-niv-levin/         (OK=600    KO=0     )
> POST /yonatan-csasznik-yoed-halberstam-niv-levin/inde... (OK=600    KO=0     )
> GET /yonatan-csasznik-yoed-halberstam-niv-levin/ relo... (OK=600    KO=0     )
> POST /yonatan-csasznik-yoed-halberstam-niv-levin/inde... (OK=595    KO=0     )

---- Meta JSP HAR-derived flow -------------------------------------------------
          active: 5      / done: 595   
================================================================================


================================================================================
2026-06-13 13:06:24                                         265s elapsed
---- Requests ------------------------------------------------------------------
> Global                                                   (OK=2445   KO=0     )
> GET /yonatan-csasznik-yoed-halberstam-niv-levin/         (OK=615    KO=0     )
> POST /yonatan-csasznik-yoed-halberstam-niv-levin/inde... (OK=610    KO=0     )
> GET /yonatan-csasznik-yoed-halberstam-niv-levin/ relo... (OK=610    KO=0     )
> POST /yonatan-csasznik-yoed-halberstam-niv-levin/inde... (OK=610    KO=0     )

---- Meta JSP HAR-derived flow -------------------------------------------------
          active: 5      / done: 610   
================================================================================


================================================================================
2026-06-13 13:06:29                                         270s elapsed
---- Requests ------------------------------------------------------------------
> Global                                                   (OK=2495   KO=0     )
> GET /yonatan-csasznik-yoed-halberstam-niv-levin/         (OK=625    KO=0     )
> POST /yonatan-csasznik-yoed-halberstam-niv-levin/inde... (OK=625    KO=0     )
> GET /yonatan-csasznik-yoed-halberstam-niv-levin/ relo... (OK=625    KO=0     )
> POST /yonatan-csasznik-yoed-halberstam-niv-levin/inde... (OK=620    KO=0     )

---- Meta JSP HAR-derived flow -------------------------------------------------
          active: 5      / done: 620   
================================================================================


================================================================================
2026-06-13 13:06:34                                         275s elapsed
---- Requests ------------------------------------------------------------------
> Global                                                   (OK=2535   KO=0     )
> GET /yonatan-csasznik-yoed-halberstam-niv-levin/         (OK=635    KO=0     )
> POST /yonatan-csasznik-yoed-halberstam-niv-levin/inde... (OK=635    KO=0     )
> GET /yonatan-csasznik-yoed-halberstam-niv-levin/ relo... (OK=635    KO=0     )
> POST /yonatan-csasznik-yoed-halberstam-niv-levin/inde... (OK=630    KO=0     )

---- Meta JSP HAR-derived flow -------------------------------------------------
          active: 5      / done: 630   
================================================================================


================================================================================
2026-06-13 13:06:39                                         280s elapsed
---- Requests ------------------------------------------------------------------
> Global                                                   (OK=2585   KO=0     )
> GET /yonatan-csasznik-yoed-halberstam-niv-levin/         (OK=650    KO=0     )
> POST /yonatan-csasznik-yoed-halberstam-niv-levin/inde... (OK=645    KO=0     )
> GET /yonatan-csasznik-yoed-halberstam-niv-levin/ relo... (OK=645    KO=0     )
> POST /yonatan-csasznik-yoed-halberstam-niv-levin/inde... (OK=645    KO=0     )

---- Meta JSP HAR-derived flow -------------------------------------------------
          active: 5      / done: 645   
================================================================================


================================================================================
2026-06-13 13:06:44                                         285s elapsed
---- Requests ------------------------------------------------------------------
> Global                                                   (OK=2625   KO=0     )
> GET /yonatan-csasznik-yoed-halberstam-niv-levin/         (OK=660    KO=0     )
> POST /yonatan-csasznik-yoed-halberstam-niv-levin/inde... (OK=655    KO=0     )
> GET /yonatan-csasznik-yoed-halberstam-niv-levin/ relo... (OK=655    KO=0     )
> POST /yonatan-csasznik-yoed-halberstam-niv-levin/inde... (OK=655    KO=0     )

---- Meta JSP HAR-derived flow -------------------------------------------------
          active: 5      / done: 655   
================================================================================


================================================================================
2026-06-13 13:06:49                                         290s elapsed
---- Requests ------------------------------------------------------------------
> Global                                                   (OK=2675   KO=0     )
> GET /yonatan-csasznik-yoed-halberstam-niv-levin/         (OK=670    KO=0     )
> POST /yonatan-csasznik-yoed-halberstam-niv-levin/inde... (OK=670    KO=0     )
> GET /yonatan-csasznik-yoed-halberstam-niv-levin/ relo... (OK=670    KO=0     )
> POST /yonatan-csasznik-yoed-halberstam-niv-levin/inde... (OK=665    KO=0     )

---- Meta JSP HAR-derived flow -------------------------------------------------
          active: 5      / done: 665   
================================================================================


================================================================================
2026-06-13 13:06:54                                         295s elapsed
---- Requests ------------------------------------------------------------------
> Global                                                   (OK=2725   KO=0     )
> GET /yonatan-csasznik-yoed-halberstam-niv-levin/         (OK=685    KO=0     )
> POST /yonatan-csasznik-yoed-halberstam-niv-levin/inde... (OK=680    KO=0     )
> GET /yonatan-csasznik-yoed-halberstam-niv-levin/ relo... (OK=680    KO=0     )
> POST /yonatan-csasznik-yoed-halberstam-niv-levin/inde... (OK=680    KO=0     )

---- Meta JSP HAR-derived flow -------------------------------------------------
          active: 5      / done: 680   
================================================================================


================================================================================
2026-06-13 13:06:59                                         300s elapsed
---- Requests ------------------------------------------------------------------
> Global                                                   (OK=2765   KO=0     )
> GET /yonatan-csasznik-yoed-halberstam-niv-levin/         (OK=695    KO=0     )
> POST /yonatan-csasznik-yoed-halberstam-niv-levin/inde... (OK=690    KO=0     )
> GET /yonatan-csasznik-yoed-halberstam-niv-levin/ relo... (OK=690    KO=0     )
> POST /yonatan-csasznik-yoed-halberstam-niv-levin/inde... (OK=690    KO=0     )

---- Meta JSP HAR-derived flow -------------------------------------------------
          active: 5      / done: 690   
================================================================================


================================================================================
2026-06-13 13:07:01                                         301s elapsed
---- Requests ------------------------------------------------------------------
> Global                                                   (OK=2780   KO=0     )
> GET /yonatan-csasznik-yoed-halberstam-niv-levin/         (OK=695    KO=0     )
> POST /yonatan-csasznik-yoed-halberstam-niv-levin/inde... (OK=695    KO=0     )
> GET /yonatan-csasznik-yoed-halberstam-niv-levin/ relo... (OK=695    KO=0     )
> POST /yonatan-csasznik-yoed-halberstam-niv-levin/inde... (OK=695    KO=0     )

---- Meta JSP HAR-derived flow -------------------------------------------------
          active: 0      / done: 695   
================================================================================

Simulation MetaSimulation completed in 301 seconds
Parsing log file(s)...
Parsing log file(s) done
Generating reports...

================================================================================
---- Global Information --------------------------------------------------------
> request count                                       2780 (OK=2780   KO=0     )
> min response time                                      9 (OK=9      KO=-     )
> max response time                                    257 (OK=257    KO=-     )
> mean response time                                    28 (OK=28     KO=-     )
> std deviation                                         25 (OK=25     KO=-     )
> response time 50th percentile                         21 (OK=21     KO=-     )
> response time 75th percentile                         30 (OK=30     KO=-     )
> response time 95th percentile                         66 (OK=66     KO=-     )
> response time 99th percentile                        138 (OK=138    KO=-     )
> mean requests/sec                                  9.205 (OK=9.205  KO=-     )
---- Response Time Distribution ------------------------------------------------
> t < 800 ms                                          2780 (100%)
> 800 ms < t < 1200 ms                                   0 (  0%)
> t > 1200 ms                                            0 (  0%)
> failed                                                 0 (  0%)
================================================================================

Reports generated in 1s.
Please open the following file: /var/jenkins_home/workspace/MeTA/meta-ci-cd/output/gatling/load-5m/raw/metasimulation-20260613130158673/index.html
Global: count of failed events is less than 1.0 : true
