tested range: 8000-12000 virtual users | step: 20 virtual users | duration: 10s per level
Max-limit single-level discovery: 8000-12000 virtual users, step 20, duration 10s
Max-limit testing level 8000 virtual users.
Max-limit level 8000 virtual users passed.
Max-limit testing level 8020 virtual users.
Max-limit level 8020 virtual users passed.
Max-limit testing level 8040 virtual users.
Max-limit level 8040 virtual users passed.
Max-limit testing level 8060 virtual users.
Max-limit level 8060 virtual users passed.
Max-limit testing level 8080 virtual users.
Max-limit test summary:
  tested range: 8000-12000 virtual users
  step: 20 virtual users
  duration: 10s per level
  highest passing tested level: 8060 virtual users
  first failing tested level: 8080 virtual users
  result: failure boundary found
  Gatling report: output/gatling/max-limit/index.html
  full discovery log: output/gatling/max-limit/raw/max-limit-discovery.log
